#
# A fatal error has been detected by the Java Runtime Environment:
#
#  SIGSEGV (0xb) at pc=0x00000001231a1511, pid=570, tid=1811
#
# JRE version: Java(TM) SE Runtime Environment (8.0_45-b14) (build 1.8.0_45-b14)
# Java VM: Java HotSpot(TM) 64-Bit Server VM (25.45-b02 mixed mode bsd-amd64 compressed oops)
# Problematic frame:
# C  [libglass.dylib+0x15511]  GlassScreenDidChangeScreenParameters+0x21
#
# Failed to write core dump. Core dumps have been disabled. To enable core dumping, try "ulimit -c unlimited" before starting Java again
#
# If you would like to submit a bug report, please visit:
#   http://bugreport.java.com/bugreport/crash.jsp
#

---------------  T H R E A D  ---------------

Current thread is native thread

siginfo: si_signo: 11 (SIGSEGV), si_code: 1 (SEGV_MAPERR), si_addr: 0x0000000000000000

Registers:
RAX=0x00000001231d3ac8, RBX=0x0000000000000000, RCX=0x5400f46640ec71e0, RDX=0x00007fff7619f1f8
RSP=0x00007fff569b01f0, RBP=0x00007fff569b0200, RSI=0x00007f966ae06670, RDI=0x0000000000000000
R8 =0x00007fff569b00a0, R9 =0x00007fff77700300, R10=0x0000000000000000, R11=0x0000000000000246
R12=0x00007f966ad05580, R13=0x00000000000f4268, R14=0x00007f966ae36470, R15=0x00007fff569b0340
RIP=0x00000001231a1511, EFLAGS=0x0000000000010246, ERR=0x0000000000000004
  TRAPNO=0x000000000000000e

Top of Stack: (sp=0x00007fff569b01f0)
0x00007fff569b01f0:   00007fff569b03d0 00007f966ae36470
0x00007fff569b0200:   00007fff569b0210 00007fff872fecbc
0x00007fff569b0210:   00007fff569b0570 00007fff871f01b4
0x00007fff569b0220:   00007f966af38f10 0000000000001e00
0x00007fff569b0230:   0000000109268000 00007f966affc080
0x00007fff569b0240:   0000000000001003 0000000000000270
0x00007fff569b0250:   0000000000000004 00007f966ae36470
0x00007fff569b0260:   0000000000000000 00007fff569b0340
0x00007fff569b0270:   0000000000000000 00007f966ae36430
0x00007fff569b0280:   00007fff569b03c0 000000000000001a
0x00007fff569b0290:   00000000000f428f 00007f966ae59ad0
0x00007fff569b02a0:   00007f966ad3d8d0 00007f966ad05580
0x00007fff569b02b0:   0000000000000001 00000000000f4268
0x00007fff569b02c0:   00007f966ad05570 00007fff93e79acb
0x00007fff569b02d0:   0000000000000001 0000000000000001
0x00007fff569b02e0:   0000000000000030 0000000000000001
0x00007fff569b02f0:   00007fff569b0310 00007fff93e7f231
0x00007fff569b0300:   00007fff763a9dd0 0000000000000000
0x00007fff569b0310:   00007fff569b0330 0000000000000001
0x00007fff569b0320:   0000380300000000 00007f966ad055a4
0x00007fff569b0330:   0000000000000000 00007fff871e5c8f
0x00007fff569b0340:   00007f966ae36470 00007fff763a9dd0
0x00007fff569b0350:   00007fff569b03d0 00007fff871ee7bf
0x00007fff569b0360:   00007fff569b03d4 0000000000197d01
0x00007fff569b0370:   000000010926ba00 0000000000000005
0x00007fff569b0380:   0000000109268000 00007f966ae53f45
0x00007fff569b0390:   0000000000000003 000000010926d800
0x00007fff569b03a0:   00007fff569b0490 00007fff93e782a2
0x00007fff569b03b0:   00007f966ad3d460 00007fff569b0578
0x00007fff569b03c0:   0000000000000017 0000000000000000
0x00007fff569b03d0:   00000000000f4268 00007fff871e5f83
0x00007fff569b03e0:   00007fff00000000 00007f966ad44150 

Instructions: (pc=0x00000001231a1511)
0x00000001231a14f1:   48 89 e5 41 56 53 48 8d 05 c2 26 03 00 48 83 38
0x00000001231a1501:   00 48 89 fb 75 72 48 8d 05 ba 25 03 00 48 8b 30
0x00000001231a1511:   48 8b 03 48 8d 15 6c 9a 01 00 48 8d 0d 86 6f 01
0x00000001231a1521:   00 48 89 df ff 90 88 03 00 00 48 8d 0d 8e 26 03 

Register to memory mapping:

RAX=0x00000001231d3ac8: jScreenClass+0 in /Library/Java/JavaVirtualMachines/jdk1.8.0_45.jdk/Contents/Home/jre/lib/libglass.dylib at 0x000000012318c000
RBX=0x0000000000000000 is an unknown value
RCX=0x5400f46640ec71e0 is an unknown value
RDX=0x00007fff7619f1f8: __sFX+0x1c8 in /usr/lib/system/libsystem_c.dylib at 0x00007fff86594000
RSP=0x00007fff569b01f0 is an unknown value
RBP=0x00007fff569b0200 is an unknown value
RSI=0x00007f966ae06670 is a global jni handle
RDI=0x0000000000000000 is an unknown value
R8 =0x00007fff569b00a0 is an unknown value
R9 =0x00007fff77700300: _thread+0 in /usr/lib/system/libsystem_pthread.dylib at 0x00007fff8ff3c000
R10=0x0000000000000000 is an unknown value
R11=0x0000000000000246 is an unknown value
R12=0x00007f966ad05580 is an unknown value
R13=0x00000000000f4268 is an unknown value
R14=0x00007f966ae36470 is an unknown value
R15=0x00007fff569b0340 is an unknown value


Stack: [0x00007fff561b3000,0x00007fff569b3000],  sp=0x00007fff569b01f0,  free space=8180k
Native frames: (J=compiled Java code, j=interpreted, Vv=VM code, C=native code)
C  [libglass.dylib+0x15511]  GlassScreenDidChangeScreenParameters+0x21
C  [CoreFoundation+0x11ecbc]  __CFNOTIFICATIONCENTER_IS_CALLING_OUT_TO_AN_OBSERVER__+0xc
C  [CoreFoundation+0x101b4]  _CFXNotificationPost+0xc44
C  [Foundation+0x2ea1]  -[NSNotificationCenter postNotificationName:object:userInfo:]+0x42
C  [AppKit+0x362dee]  -[NSApplication _reactToScreenInvalidationImmediately:]+0x17b
C  [AppKit+0x362c2d]  __44-[NSApplication _reactToScreenInvalidation:]_block_invoke+0x4b
C  [CoreFoundation+0x8054c]  __CFRUNLOOP_IS_CALLING_OUT_TO_A_BLOCK__+0xc
C  [CoreFoundation+0x72655]  __CFRunLoopDoBlocks+0x155
C  [CoreFoundation+0x72196]  __CFRunLoopRun+0x716
C  [CoreFoundation+0x71838]  CFRunLoopRunSpecific+0x128
C  [java+0x6490]  CreateExecutionEnvironment+0x367
C  [java+0x221c]  JLI_Launch+0x7a0
C  [java+0x84ed]  main+0x65
C  [java+0x1a74]  start+0x34


---------------  P R O C E S S  ---------------

VM state:not at safepoint (normal execution)

VM Mutex/Monitor currently owned by a thread: None

Heap:
 PSYoungGen      total 38400K, used 13776K [0x0000000795580000, 0x0000000798000000, 0x00000007c0000000)
  eden space 33280K, 41% used [0x0000000795580000,0x00000007962f4348,0x0000000797600000)
  from space 5120K, 0% used [0x0000000797b00000,0x0000000797b00000,0x0000000798000000)
  to   space 5120K, 0% used [0x0000000797600000,0x0000000797600000,0x0000000797b00000)
 ParOldGen       total 87552K, used 0K [0x0000000740000000, 0x0000000745580000, 0x0000000795580000)
  object space 87552K, 0% used [0x0000000740000000,0x0000000740000000,0x0000000745580000)
 Metaspace       used 7760K, capacity 8068K, committed 8320K, reserved 1056768K
  class space    used 933K, capacity 1029K, committed 1152K, reserved 1048576K

Card table byte_map: [0x000000011a1c0000,0x000000011a5c1000] byte_map_base: 0x00000001167c0000

Marking Bits: (ParMarkBitMap*) 0x0000000109c217a0
 Begin Bits: [0x000000011ab75000, 0x000000011cb75000)
 End Bits:   [0x000000011cb75000, 0x000000011eb75000)

Polling page: 0x000000010a40e000

CodeCache: size=245760Kb used=2236Kb max_used=2236Kb free=243523Kb
 bounds [0x000000010ae00000, 0x000000010b070000, 0x0000000119e00000]
 total_blobs=917 nmethods=530 adapters=299
 compilation: enabled

Compilation events (10 events):
Event: 0.762 Thread 0x00007f966c80f000  519       1       java.lang.invoke.InnerClassLambdaMetafactory::access$300 (5 bytes)
Event: 0.762 Thread 0x00007f966c80f000 nmethod 519 0x000000010b0272d0 code [0x000000010b027420, 0x000000010b027510]
Event: 0.763 Thread 0x00007f966c80f000  520       3       java.lang.invoke.MethodType::basicType (8 bytes)
Event: 0.764 Thread 0x00007f966c80f000 nmethod 520 0x000000010b027590 code [0x000000010b027700, 0x000000010b0278f0]
Event: 0.764 Thread 0x00007f966c80f000  522       3       jdk.internal.org.objectweb.asm.MethodWriter::<init> (268 bytes)
Event: 0.765 Thread 0x00007f966c80f000 nmethod 522 0x000000010b027990 code [0x000000010b027be0, 0x000000010b0288e8]
Event: 0.765 Thread 0x00007f966c80f000  521       3       jdk.internal.org.objectweb.asm.ClassWriter::visitMethod (24 bytes)
Event: 0.765 Thread 0x00007f966c80f000 nmethod 521 0x000000010b029010 code [0x000000010b029180, 0x000000010b0293a8]
Event: 0.949 Thread 0x00007f966c80f000  523       3       java.lang.reflect.Modifier::isProtected (12 bytes)
Event: 0.949 Thread 0x00007f966c80f000 nmethod 523 0x000000010b029490 code [0x000000010b029600, 0x000000010b029790]

GC Heap History (0 events):
No events

Deoptimization events (1 events):
Event: 0.727 Thread 0x00007f966b85d000 Uncommon trap: reason=unstable_if action=reinterpret pc=0x000000010afb71b4 method=java.lang.String.replace(CC)Ljava/lang/String; @ 2

Internal exceptions (10 events):
Event: 0.133 Thread 0x00007f966b012000 Exception <a 'java/security/PrivilegedActionException'> (0x00000007957ad1a8) thrown at [/Users/java_re/workspace/8-2-build-macosx-x86_64/jdk8u45/3457/hotspot/src/share/vm/prims/jvm.cpp, line 1382]
Event: 0.133 Thread 0x00007f966b012000 Exception <a 'java/security/PrivilegedActionException'> (0x00000007957ad360) thrown at [/Users/java_re/workspace/8-2-build-macosx-x86_64/jdk8u45/3457/hotspot/src/share/vm/prims/jvm.cpp, line 1382]
Event: 0.224 Thread 0x00007f966b012000 Exception <a 'java/lang/NoSuchFieldError': method resolution failed> (0x00000007958bc358) thrown at [/Users/java_re/workspace/8-2-build-macosx-x86_64/jdk8u45/3457/hotspot/src/share/vm/prims/methodHandles.cpp, line 1125]
Event: 0.227 Thread 0x00007f966b012000 Exception <a 'java/lang/NoSuchFieldError': method resolution failed> (0x00000007958caa50) thrown at [/Users/java_re/workspace/8-2-build-macosx-x86_64/jdk8u45/3457/hotspot/src/share/vm/prims/methodHandles.cpp, line 1125]
Event: 0.254 Thread 0x00007f966b012000 Exception <a 'java/security/PrivilegedActionException'> (0x0000000795957008) thrown at [/Users/java_re/workspace/8-2-build-macosx-x86_64/jdk8u45/3457/hotspot/src/share/vm/prims/jvm.cpp, line 1382]
Event: 0.254 Thread 0x00007f966b012000 Exception <a 'java/security/PrivilegedActionException'> (0x00000007959571c0) thrown at [/Users/java_re/workspace/8-2-build-macosx-x86_64/jdk8u45/3457/hotspot/src/share/vm/prims/jvm.cpp, line 1382]
Event: 0.255 Thread 0x00007f966b012000 Exception <a 'java/security/PrivilegedActionException'> (0x000000079595a3b0) thrown at [/Users/java_re/workspace/8-2-build-macosx-x86_64/jdk8u45/3457/hotspot/src/share/vm/prims/jvm.cpp, line 1382]
Event: 0.255 Thread 0x00007f966b012000 Exception <a 'java/security/PrivilegedActionException'> (0x000000079595a568) thrown at [/Users/java_re/workspace/8-2-build-macosx-x86_64/jdk8u45/3457/hotspot/src/share/vm/prims/jvm.cpp, line 1382]
Event: 0.255 Thread 0x00007f966b012000 Exception <a 'java/lang/NullPointerException'> (0x000000079595be88) thrown at [/Users/java_re/workspace/8-2-build-macosx-x86_64/jdk8u45/3457/hotspot/src/share/vm/interpreter/linkResolver.cpp, line 1178]
Event: 0.956 Thread 0x00007f966b012000 Exception <a 'java/lang/reflect/InvocationTargetException'> (0x0000000795c52068) thrown at [/Users/java_re/workspace/8-2-build-macosx-x86_64/jdk8u45/3457/hotspot/src/share/vm/runtime/reflection.cpp, line 1080]

Events (10 events):
Event: 0.956 loading class com/sun/javafx/tk/quantum/QuantumToolkit done
Event: 0.956 Thread 0x00007f966b849800 Thread exited: 0x00007f966b849800
Event: 0.956 Thread 0x00007f966b8dc800 Thread exited: 0x00007f966b8dc800
Event: 0.956 loading class java/lang/Throwable$WrappedPrintStream
Event: 0.956 loading class java/lang/Throwable$PrintStreamOrWriter
Event: 0.956 Thread 0x00007f966b85d000 Thread exited: 0x00007f966b85d000
Event: 0.956 loading class java/lang/Throwable$PrintStreamOrWriter done
Event: 0.956 loading class java/lang/Throwable$WrappedPrintStream done
Event: 0.956 loading class java/util/IdentityHashMap$KeySet
Event: 0.956 loading class java/util/IdentityHashMap$KeySet done


Dynamic libraries:
0x0000000006035000 	/System/Library/Frameworks/Cocoa.framework/Versions/A/Cocoa
0x0000000006035000 	/System/Library/Frameworks/Security.framework/Versions/A/Security
0x0000000006035000 	/System/Library/Frameworks/ApplicationServices.framework/Versions/A/ApplicationServices
0x0000000006035000 	/usr/lib/libz.1.dylib
0x0000000006035000 	/usr/lib/libSystem.B.dylib
0x0000000006035000 	/usr/lib/libobjc.A.dylib
0x0000000006035000 	/System/Library/Frameworks/CoreFoundation.framework/Versions/A/CoreFoundation
0x0000000006035000 	/System/Library/Frameworks/Foundation.framework/Versions/C/Foundation
0x0000000006035000 	/System/Library/Frameworks/AppKit.framework/Versions/C/AppKit
0x0000000006035000 	/System/Library/Frameworks/CoreData.framework/Versions/A/CoreData
0x0000000006035000 	/System/Library/PrivateFrameworks/RemoteViewServices.framework/Versions/A/RemoteViewServices
0x0000000006035000 	/System/Library/PrivateFrameworks/UIFoundation.framework/Versions/A/UIFoundation
0x0000000006035000 	/System/Library/Frameworks/IOSurface.framework/Versions/A/IOSurface
0x0000000006035000 	/System/Library/Frameworks/AudioToolbox.framework/Versions/A/AudioToolbox
0x0000000006035000 	/System/Library/Frameworks/AudioUnit.framework/Versions/A/AudioUnit
0x0000000006035000 	/System/Library/PrivateFrameworks/DataDetectorsCore.framework/Versions/A/DataDetectorsCore
0x0000000006035000 	/System/Library/PrivateFrameworks/DesktopServicesPriv.framework/Versions/A/DesktopServicesPriv
0x0000000006035000 	/System/Library/Frameworks/Carbon.framework/Versions/A/Frameworks/HIToolbox.framework/Versions/A/HIToolbox
0x0000000006035000 	/System/Library/Frameworks/QuartzCore.framework/Versions/A/QuartzCore
0x0000000006035000 	/System/Library/Frameworks/Carbon.framework/Versions/A/Frameworks/SpeechRecognition.framework/Versions/A/SpeechRecognition
0x0000000006035000 	/usr/lib/libauto.dylib
0x0000000006035000 	/usr/lib/libicucore.A.dylib
0x0000000006035000 	/usr/lib/libxml2.2.dylib
0x0000000006035000 	/System/Library/PrivateFrameworks/CoreUI.framework/Versions/A/CoreUI
0x0000000006035000 	/System/Library/Frameworks/CoreAudio.framework/Versions/A/CoreAudio
0x0000000006035000 	/System/Library/Frameworks/DiskArbitration.framework/Versions/A/DiskArbitration
0x0000000006035000 	/usr/lib/liblangid.dylib
0x0000000006035000 	/System/Library/PrivateFrameworks/MultitouchSupport.framework/Versions/A/MultitouchSupport
0x0000000006035000 	/System/Library/Frameworks/IOKit.framework/Versions/A/IOKit
0x0000000006035000 	/usr/lib/libDiagnosticMessagesClient.dylib
0x0000000006035000 	/System/Library/Frameworks/CoreServices.framework/Versions/A/CoreServices
0x0000000006035000 	/System/Library/PrivateFrameworks/PerformanceAnalysis.framework/Versions/A/PerformanceAnalysis
0x0000000006035000 	/System/Library/PrivateFrameworks/GenerationalStorage.framework/Versions/A/GenerationalStorage
0x0000000006035000 	/System/Library/Frameworks/OpenGL.framework/Versions/A/OpenGL
0x0000000006035000 	/System/Library/PrivateFrameworks/Sharing.framework/Versions/A/Sharing
0x0000000006035000 	/System/Library/Frameworks/CoreGraphics.framework/Versions/A/CoreGraphics
0x0000000006035000 	/System/Library/Frameworks/CoreText.framework/Versions/A/CoreText
0x0000000006035000 	/System/Library/Frameworks/ImageIO.framework/Versions/A/ImageIO
0x0000000006035000 	/usr/lib/libextension.dylib
0x0000000006035000 	/System/Library/PrivateFrameworks/Backup.framework/Versions/A/Backup
0x0000000006035000 	/usr/lib/libarchive.2.dylib
0x0000000006035000 	/System/Library/Frameworks/CFNetwork.framework/Versions/A/CFNetwork
0x0000000006035000 	/System/Library/Frameworks/SystemConfiguration.framework/Versions/A/SystemConfiguration
0x0000000006035000 	/usr/lib/libCRFSuite.dylib
0x0000000006035000 	/usr/lib/libc++.1.dylib
0x0000000006035000 	/usr/lib/libc++abi.dylib
0x0000000006035000 	/usr/lib/system/libcache.dylib
0x0000000006035000 	/usr/lib/system/libcommonCrypto.dylib
0x0000000006035000 	/usr/lib/system/libcompiler_rt.dylib
0x0000000006035000 	/usr/lib/system/libcopyfile.dylib
0x0000000006035000 	/usr/lib/system/libcorecrypto.dylib
0x0000000006035000 	/usr/lib/system/libdispatch.dylib
0x0000000006035000 	/usr/lib/system/libdyld.dylib
0x0000000006035000 	/usr/lib/system/libkeymgr.dylib
0x0000000006035000 	/usr/lib/system/liblaunch.dylib
0x0000000006035000 	/usr/lib/system/libmacho.dylib
0x0000000006035000 	/usr/lib/system/libquarantine.dylib
0x0000000006035000 	/usr/lib/system/libremovefile.dylib
0x0000000006035000 	/usr/lib/system/libsystem_asl.dylib
0x0000000006035000 	/usr/lib/system/libsystem_blocks.dylib
0x0000000006035000 	/usr/lib/system/libsystem_c.dylib
0x0000000006035000 	/usr/lib/system/libsystem_configuration.dylib
0x0000000006035000 	/usr/lib/system/libsystem_coreservices.dylib
0x0000000006035000 	/usr/lib/system/libsystem_coretls.dylib
0x0000000006035000 	/usr/lib/system/libsystem_dnssd.dylib
0x0000000006035000 	/usr/lib/system/libsystem_info.dylib
0x0000000006035000 	/usr/lib/system/libsystem_kernel.dylib
0x0000000006035000 	/usr/lib/system/libsystem_m.dylib
0x0000000006035000 	/usr/lib/system/libsystem_malloc.dylib
0x0000000006035000 	/usr/lib/system/libsystem_network.dylib
0x0000000006035000 	/usr/lib/system/libsystem_networkextension.dylib
0x0000000006035000 	/usr/lib/system/libsystem_notify.dylib
0x0000000006035000 	/usr/lib/system/libsystem_platform.dylib
0x0000000006035000 	/usr/lib/system/libsystem_pthread.dylib
0x0000000006035000 	/usr/lib/system/libsystem_sandbox.dylib
0x0000000006035000 	/usr/lib/system/libsystem_secinit.dylib
0x0000000006035000 	/usr/lib/system/libsystem_stats.dylib
0x0000000006035000 	/usr/lib/system/libsystem_trace.dylib
0x0000000006035000 	/usr/lib/system/libunc.dylib
0x0000000006035000 	/usr/lib/system/libunwind.dylib
0x0000000006035000 	/usr/lib/system/libxpc.dylib
0x0000000006035000 	/usr/lib/libbz2.1.0.dylib
0x0000000006035000 	/usr/lib/liblzma.5.dylib
0x0000000006035000 	/usr/lib/libbsm.0.dylib
0x0000000006035000 	/usr/lib/libsqlite3.dylib
0x0000000006035000 	/usr/lib/system/libkxld.dylib
0x0000000006035000 	/usr/lib/libxar.1.dylib
0x0000000006035000 	/usr/lib/libpam.2.dylib
0x0000000006035000 	/usr/lib/libOpenScriptingUtil.dylib
0x0000000006035000 	/System/Library/Frameworks/CoreServices.framework/Versions/A/Frameworks/FSEvents.framework/Versions/A/FSEvents
0x0000000006035000 	/System/Library/Frameworks/CoreServices.framework/Versions/A/Frameworks/CarbonCore.framework/Versions/A/CarbonCore
0x0000000006035000 	/System/Library/Frameworks/CoreServices.framework/Versions/A/Frameworks/Metadata.framework/Versions/A/Metadata
0x0000000006035000 	/System/Library/Frameworks/CoreServices.framework/Versions/A/Frameworks/OSServices.framework/Versions/A/OSServices
0x0000000006035000 	/System/Library/Frameworks/CoreServices.framework/Versions/A/Frameworks/SearchKit.framework/Versions/A/SearchKit
0x0000000006035000 	/System/Library/Frameworks/CoreServices.framework/Versions/A/Frameworks/AE.framework/Versions/A/AE
0x0000000006035000 	/System/Library/Frameworks/CoreServices.framework/Versions/A/Frameworks/LaunchServices.framework/Versions/A/LaunchServices
0x0000000006035000 	/System/Library/Frameworks/CoreServices.framework/Versions/A/Frameworks/DictionaryServices.framework/Versions/A/DictionaryServices
0x0000000006035000 	/System/Library/Frameworks/NetFS.framework/Versions/A/NetFS
0x0000000006035000 	/System/Library/PrivateFrameworks/NetAuth.framework/Versions/A/NetAuth
0x0000000006035000 	/System/Library/PrivateFrameworks/login.framework/Versions/A/Frameworks/loginsupport.framework/Versions/A/loginsupport
0x0000000006035000 	/System/Library/PrivateFrameworks/TCC.framework/Versions/A/TCC
0x0000000006035000 	/usr/lib/libmecabra.dylib
0x0000000006035000 	/System/Library/PrivateFrameworks/LanguageModeling.framework/Versions/A/LanguageModeling
0x0000000006035000 	/usr/lib/libcmph.dylib
0x0000000006035000 	/usr/lib/libiconv.2.dylib
0x0000000006035000 	/System/Library/Frameworks/OpenDirectory.framework/Versions/A/Frameworks/CFOpenDirectory.framework/Versions/A/CFOpenDirectory
0x0000000006035000 	/System/Library/Frameworks/ServiceManagement.framework/Versions/A/ServiceManagement
0x0000000006035000 	/usr/lib/libxslt.1.dylib
0x0000000006035000 	/System/Library/Frameworks/Carbon.framework/Versions/A/Frameworks/Ink.framework/Versions/A/Ink
0x0000000006035000 	/System/Library/Frameworks/ApplicationServices.framework/Versions/A/Frameworks/ATS.framework/Versions/A/ATS
0x0000000006035000 	/System/Library/Frameworks/ApplicationServices.framework/Versions/A/Frameworks/ColorSync.framework/Versions/A/ColorSync
0x0000000006035000 	/System/Library/Frameworks/ApplicationServices.framework/Versions/A/Frameworks/HIServices.framework/Versions/A/HIServices
0x0000000006035000 	/System/Library/Frameworks/ApplicationServices.framework/Versions/A/Frameworks/LangAnalysis.framework/Versions/A/LangAnalysis
0x0000000006035000 	/System/Library/Frameworks/ApplicationServices.framework/Versions/A/Frameworks/PrintCore.framework/Versions/A/PrintCore
0x0000000006035000 	/System/Library/Frameworks/ApplicationServices.framework/Versions/A/Frameworks/QD.framework/Versions/A/QD
0x0000000006035000 	/System/Library/Frameworks/ApplicationServices.framework/Versions/A/Frameworks/SpeechSynthesis.framework/Versions/A/SpeechSynthesis
0x0000000006035000 	/System/Library/Frameworks/Accelerate.framework/Versions/A/Accelerate
0x0000000006035000 	/System/Library/Frameworks/Accelerate.framework/Versions/A/Frameworks/vImage.framework/Versions/A/vImage
0x0000000006035000 	/System/Library/Frameworks/Accelerate.framework/Versions/A/Frameworks/vecLib.framework/Versions/A/vecLib
0x0000000006035000 	/System/Library/Frameworks/Accelerate.framework/Versions/A/Frameworks/vecLib.framework/Versions/A/libvDSP.dylib
0x0000000006035000 	/System/Library/Frameworks/Accelerate.framework/Versions/A/Frameworks/vecLib.framework/Versions/A/libvMisc.dylib
0x0000000006035000 	/System/Library/Frameworks/Accelerate.framework/Versions/A/Frameworks/vecLib.framework/Versions/A/libLAPACK.dylib
0x0000000006035000 	/System/Library/Frameworks/Accelerate.framework/Versions/A/Frameworks/vecLib.framework/Versions/A/libBLAS.dylib
0x0000000006035000 	/System/Library/Frameworks/Accelerate.framework/Versions/A/Frameworks/vecLib.framework/Versions/A/libLinearAlgebra.dylib
0x0000000006035000 	/System/Library/Frameworks/ApplicationServices.framework/Versions/A/Frameworks/ATS.framework/Versions/A/Resources/libFontParser.dylib
0x0000000006035000 	/System/Library/Frameworks/ApplicationServices.framework/Versions/A/Frameworks/ATS.framework/Versions/A/Resources/libFontRegistry.dylib
0x0000000006035000 	/System/Library/PrivateFrameworks/AppleVPA.framework/Versions/A/AppleVPA
0x0000000006035000 	/System/Library/PrivateFrameworks/AppleJPEG.framework/Versions/A/AppleJPEG
0x0000000006035000 	/System/Library/Frameworks/ImageIO.framework/Versions/A/Resources/libJPEG.dylib
0x0000000006035000 	/System/Library/Frameworks/ImageIO.framework/Versions/A/Resources/libTIFF.dylib
0x0000000006035000 	/System/Library/Frameworks/ImageIO.framework/Versions/A/Resources/libPng.dylib
0x0000000006035000 	/System/Library/Frameworks/ImageIO.framework/Versions/A/Resources/libGIF.dylib
0x0000000006035000 	/System/Library/Frameworks/ImageIO.framework/Versions/A/Resources/libJP2.dylib
0x0000000006035000 	/System/Library/Frameworks/ImageIO.framework/Versions/A/Resources/libRadiance.dylib
0x0000000006035000 	/System/Library/Frameworks/CoreVideo.framework/Versions/A/CoreVideo
0x0000000006035000 	/System/Library/Frameworks/OpenGL.framework/Versions/A/Libraries/libGLU.dylib
0x0000000006035000 	/System/Library/Frameworks/OpenGL.framework/Versions/A/Libraries/libGFXShared.dylib
0x0000000006035000 	/System/Library/Frameworks/OpenGL.framework/Versions/A/Libraries/libGL.dylib
0x0000000006035000 	/System/Library/Frameworks/OpenGL.framework/Versions/A/Libraries/libGLImage.dylib
0x0000000006035000 	/System/Library/Frameworks/OpenGL.framework/Versions/A/Libraries/libCVMSPluginSupport.dylib
0x0000000006035000 	/System/Library/Frameworks/OpenGL.framework/Versions/A/Libraries/libCoreVMClient.dylib
0x0000000006035000 	/usr/lib/libcups.2.dylib
0x0000000006035000 	/System/Library/Frameworks/Kerberos.framework/Versions/A/Kerberos
0x0000000006035000 	/System/Library/Frameworks/GSS.framework/Versions/A/GSS
0x0000000006035000 	/usr/lib/libresolv.9.dylib
0x0000000006035000 	/System/Library/PrivateFrameworks/Heimdal.framework/Versions/A/Heimdal
0x0000000006035000 	/usr/lib/libheimdal-asn1.dylib
0x0000000006035000 	/System/Library/Frameworks/OpenDirectory.framework/Versions/A/OpenDirectory
0x0000000006035000 	/System/Library/PrivateFrameworks/CommonAuth.framework/Versions/A/CommonAuth
0x0000000006035000 	/System/Library/Frameworks/SecurityFoundation.framework/Versions/A/SecurityFoundation
0x0000000006035000 	/System/Library/Frameworks/QuartzCore.framework/Versions/A/Frameworks/CoreImage.framework/Versions/A/CoreImage
0x0000000006035000 	/System/Library/PrivateFrameworks/CrashReporterSupport.framework/Versions/A/CrashReporterSupport
0x0000000006035000 	/System/Library/Frameworks/OpenCL.framework/Versions/A/OpenCL
0x0000000006035000 	/System/Library/PrivateFrameworks/FaceCore.framework/Versions/A/FaceCore
0x0000000006035000 	/System/Library/PrivateFrameworks/Ubiquity.framework/Versions/A/Ubiquity
0x0000000006035000 	/System/Library/PrivateFrameworks/IconServices.framework/Versions/A/IconServices
0x0000000006035000 	/System/Library/PrivateFrameworks/ChunkingLibrary.framework/Versions/A/ChunkingLibrary
0x0000000006035000 	/System/Library/PrivateFrameworks/Apple80211.framework/Versions/A/Apple80211
0x0000000006035000 	/System/Library/Frameworks/CoreWLAN.framework/Versions/A/CoreWLAN
0x0000000006035000 	/System/Library/Frameworks/IOBluetooth.framework/Versions/A/IOBluetooth
0x0000000006035000 	/System/Library/PrivateFrameworks/CoreWiFi.framework/Versions/A/CoreWiFi
0x0000000006035000 	/System/Library/Frameworks/CoreBluetooth.framework/Versions/A/CoreBluetooth
0x0000000006035000 	/System/Library/PrivateFrameworks/DebugSymbols.framework/Versions/A/DebugSymbols
0x0000000006035000 	/System/Library/PrivateFrameworks/CoreSymbolication.framework/Versions/A/CoreSymbolication
0x0000000006035000 	/System/Library/PrivateFrameworks/Symbolication.framework/Versions/A/Symbolication
0x0000000006035000 	/System/Library/PrivateFrameworks/SpeechRecognitionCore.framework/Versions/A/SpeechRecognitionCore
0x0000000109299000 	/System/Library/CoreServices/Encodings/libSimplifiedChineseConverter.dylib
0x000000010935f000 	/Library/Java/JavaVirtualMachines/jdk1.8.0_45.jdk/Contents/Home/jre/lib/server/libjvm.dylib
0x0000000006035000 	/usr/lib/libstdc++.6.dylib
0x000000010a3cb000 	/Library/Java/JavaVirtualMachines/jdk1.8.0_45.jdk/Contents/Home/jre/lib/libverify.dylib
0x000000010a3d9000 	/Library/Java/JavaVirtualMachines/jdk1.8.0_45.jdk/Contents/Home/jre/lib/libjava.dylib
0x000000010a42f000 	/Library/Java/JavaVirtualMachines/jdk1.8.0_45.jdk/Contents/Home/jre/lib/libzip.dylib
0x000000010a5e7000 	/System/Library/Frameworks/JavaVM.framework/Frameworks/JavaRuntimeSupport.framework/JavaRuntimeSupport
0x0000000120cc9000 	/System/Library/Frameworks/JavaVM.framework/Versions/A/Frameworks/JavaNativeFoundation.framework/Versions/A/JavaNativeFoundation
0x0000000120cde000 	/System/Library/Frameworks/JavaVM.framework/Versions/A/JavaVM
0x0000000006035000 	/System/Library/Frameworks/Carbon.framework/Versions/A/Carbon
0x0000000120ceb000 	/System/Library/PrivateFrameworks/JavaLaunching.framework/Versions/A/JavaLaunching
0x0000000006035000 	/System/Library/Frameworks/Carbon.framework/Versions/A/Frameworks/CommonPanels.framework/Versions/A/CommonPanels
0x0000000006035000 	/System/Library/Frameworks/Carbon.framework/Versions/A/Frameworks/Help.framework/Versions/A/Help
0x0000000006035000 	/System/Library/Frameworks/Carbon.framework/Versions/A/Frameworks/ImageCapture.framework/Versions/A/ImageCapture
0x0000000006035000 	/System/Library/Frameworks/Carbon.framework/Versions/A/Frameworks/OpenScripting.framework/Versions/A/OpenScripting
0x0000000006035000 	/System/Library/Frameworks/Carbon.framework/Versions/A/Frameworks/Print.framework/Versions/A/Print
0x0000000006035000 	/System/Library/Frameworks/Carbon.framework/Versions/A/Frameworks/SecurityHI.framework/Versions/A/SecurityHI
0x0000000122cde000 	/Library/Java/JavaVirtualMachines/jdk1.8.0_45.jdk/Contents/Home/jre/lib/libprism_es2.dylib
0x0000000006035000 	/System/Library/Frameworks/OpenGL.framework/Versions/A/Resources/GLEngine.bundle/GLEngine
0x0000000006035000 	/System/Library/Frameworks/OpenGL.framework/Versions/A/Libraries/libGLProgrammability.dylib
0x0000000000000000 	/System/Library/Extensions/AppleIntelHD5000GraphicsGLDriver.bundle/Contents/MacOS/AppleIntelHD5000GraphicsGLDriver
0x0000000006035000 	/System/Library/PrivateFrameworks/IOAccelerator.framework/Versions/A/IOAccelerator
0x0000000006035000 	/System/Library/PrivateFrameworks/GPUSupport.framework/Versions/A/Libraries/libGPUSupportMercury.dylib
0x0000000006035000 	/System/Library/Frameworks/OpenGL.framework/Versions/A/Resources/GLRendererFloat.bundle/GLRendererFloat
0x0000000006035000 	/System/Library/Frameworks/OpenCL.framework/Versions/A/Libraries/libcldcpuengine.dylib
0x0000000006035000 	/System/Library/PrivateFrameworks/DiskImages.framework/Versions/A/DiskImages
0x0000000006035000 	/System/Library/Frameworks/DiscRecording.framework/Versions/A/DiscRecording
0x0000000006035000 	/usr/lib/libcsfde.dylib
0x0000000006035000 	/usr/lib/libcurl.4.dylib
0x0000000006035000 	/System/Library/PrivateFrameworks/MediaKit.framework/Versions/A/MediaKit
0x0000000006035000 	/System/Library/PrivateFrameworks/ProtectedCloudStorage.framework/Versions/A/ProtectedCloudStorage
0x0000000006035000 	/usr/lib/libCoreStorage.dylib
0x0000000006035000 	/System/Library/PrivateFrameworks/EFILogin.framework/Versions/A/EFILogin
0x0000000006035000 	/usr/lib/libutil.dylib
0x0000000006035000 	/System/Library/PrivateFrameworks/FindMyDevice.framework/Versions/A/FindMyDevice
0x0000000006035000 	/System/Library/Frameworks/LDAP.framework/Versions/A/LDAP
0x0000000006035000 	/usr/lib/libsasl2.2.dylib
0x0000000006035000 	/System/Library/PrivateFrameworks/CoreDaemon.framework/Versions/B/CoreDaemon
0x0000000006035000 	/usr/lib/libcrypto.0.9.8.dylib
0x0000000006035000 	/System/Library/PrivateFrameworks/AppleSRP.framework/Versions/A/AppleSRP
0x0000000006035000 	/System/Library/PrivateFrameworks/TrustEvaluationAgent.framework/Versions/A/TrustEvaluationAgent
0x000000012318c000 	/Library/Java/JavaVirtualMachines/jdk1.8.0_45.jdk/Contents/Home/jre/lib/libglass.dylib
0x0000000006035000 	/System/Library/PrivateFrameworks/CoreServicesInternal.framework/Versions/A/CoreServicesInternal
0x0000000006035000 	/System/Library/PrivateFrameworks/CloudDocs.framework/Versions/A/CloudDocs
0x0000000006035000 	/System/Library/PrivateFrameworks/CoreDuet.framework/Versions/A/CoreDuet
0x0000000006035000 	/System/Library/Frameworks/CloudKit.framework/Versions/A/CloudKit
0x0000000006035000 	/System/Library/PrivateFrameworks/ProtocolBuffer.framework/Versions/A/ProtocolBuffer
0x0000000006035000 	/System/Library/PrivateFrameworks/CoreDuetDaemonProtocol.framework/Versions/A/CoreDuetDaemonProtocol
0x0000000006035000 	/System/Library/PrivateFrameworks/CoreDuetDebugLogging.framework/Versions/A/CoreDuetDebugLogging
0x0000000006035000 	/System/Library/Frameworks/CoreLocation.framework/Versions/A/CoreLocation
0x0000000006035000 	/System/Library/Frameworks/Accounts.framework/Versions/A/Accounts
0x0000000006035000 	/System/Library/PrivateFrameworks/ApplePushService.framework/Versions/A/ApplePushService
0x0000000006035000 	/System/Library/PrivateFrameworks/GeoServices.framework/Versions/A/GeoServices
0x0000000006035000 	/System/Library/PrivateFrameworks/OAuth.framework/Versions/A/OAuth
0x0000000006035000 	/System/Library/Frameworks/CoreGraphics.framework/Versions/A/Resources/libCGCMS.A.dylib
0x0000000006035000 	/System/Library/CoreServices/RawCamera.bundle/Contents/MacOS/RawCamera
0x0000000006035000 	/System/Library/Frameworks/CoreGraphics.framework/Versions/A/Resources/libRIP.A.dylib
0x0000000006035000 	/System/Library/PrivateFrameworks/FamilyControls.framework/Versions/A/FamilyControls
0x0000000006035000 	/System/Library/PrivateFrameworks/CommerceKit.framework/Versions/A/Frameworks/CommerceCore.framework/Versions/A/CommerceCore
0x0000000006035000 	/System/Library/PrivateFrameworks/SystemAdministration.framework/Versions/A/SystemAdministration
0x0000000006035000 	/System/Library/PrivateFrameworks/AppContainer.framework/Versions/A/AppContainer
0x0000000006035000 	/System/Library/PrivateFrameworks/SecCodeWrapper.framework/Versions/A/SecCodeWrapper
0x0000000006035000 	/System/Library/Frameworks/DirectoryService.framework/Versions/A/DirectoryService
0x0000000006035000 	/System/Library/PrivateFrameworks/LoginUIKit.framework/Versions/A/Frameworks/LoginUICore.framework/Versions/A/LoginUICore
0x0000000006035000 	/usr/lib/libodfde.dylib
0x0000000006035000 	/System/Library/Frameworks/CoreGraphics.framework/Versions/A/Resources/libCGXType.A.dylib
0x0000000127e62000 	cl_kernels
0x0000000127e64000 	/System/Library/Frameworks/OpenCL.framework/Versions/A/Libraries/ImageFormats/unorm8_bgra.dylib
0x0000000127e54000 	cl_kernels

VM Arguments:
jvm_args: -Dfile.encoding=UTF-8 
java_command: tools.util.GetDot
java_class_path (initial): /Users/thliu/Documents/workspace2/tools/target/classes
Launcher Type: SUN_STANDARD

Environment Variables:
PATH=/usr/bin:/bin:/usr/sbin:/sbin
SHELL=/bin/bash

Signal Handlers:
SIGSEGV: [libjvm.dylib+0x58ef95], sa_mask[0]=11111111011111110111111111111111, sa_flags=SA_ONSTACK|SA_RESTART|SA_SIGINFO
SIGBUS: [libjvm.dylib+0x58ef95], sa_mask[0]=11111111011111110111111111111111, sa_flags=SA_RESTART|SA_SIGINFO
SIGFPE: [libjvm.dylib+0x46c108], sa_mask[0]=11111111011111110111111111111111, sa_flags=SA_RESTART|SA_SIGINFO
SIGPIPE: [libjvm.dylib+0x46c108], sa_mask[0]=11111111011111110111111111111111, sa_flags=SA_RESTART|SA_SIGINFO
SIGXFSZ: [libjvm.dylib+0x46c108], sa_mask[0]=11111111011111110111111111111111, sa_flags=SA_RESTART|SA_SIGINFO
SIGILL: [libjvm.dylib+0x46c108], sa_mask[0]=11111111011111110111111111111111, sa_flags=SA_RESTART|SA_SIGINFO
SIGUSR1: SIG_DFL, sa_mask[0]=00000000000000000000000000000000, sa_flags=none
SIGUSR2: [libjvm.dylib+0x46bc26], sa_mask[0]=00100000000000000000000000000000, sa_flags=SA_RESTART|SA_SIGINFO
SIGHUP: [libjvm.dylib+0x46a1f9], sa_mask[0]=11111111011111110111111111111111, sa_flags=SA_RESTART|SA_SIGINFO
SIGINT: [libjvm.dylib+0x46a1f9], sa_mask[0]=11111111011111110111111111111111, sa_flags=SA_RESTART|SA_SIGINFO
SIGTERM: [libjvm.dylib+0x46a1f9], sa_mask[0]=11111111011111110111111111111111, sa_flags=SA_RESTART|SA_SIGINFO
SIGQUIT: [libjvm.dylib+0x46a1f9], sa_mask[0]=11111111011111110111111111111111, sa_flags=SA_RESTART|SA_SIGINFO


---------------  S Y S T E M  ---------------

OS:Bsduname:Darwin 14.0.0 Darwin Kernel Version 14.0.0: Fri Sep 19 00:26:44 PDT 2014; root:xnu-2782.1.97~2/RELEASE_X86_64 x86_64
rlimit: STACK 8192k, CORE 0k, NPROC 709, NOFILE 10240, AS infinity
load average:3.56 2.68 1.79

CPU:total 4 (2 cores per cpu, 2 threads per core) family 6 model 69 stepping 1, cmov, cx8, fxsr, mmx, sse, sse2, sse3, ssse3, sse4.1, sse4.2, popcnt, avx, avx2, aes, clmul, erms, lzcnt, ht, tsc, tscinvbit, bmi1, bmi2

Memory: 4k page, physical 8388608k(2232396k free)

/proc/meminfo:


vm_info: Java HotSpot(TM) 64-Bit Server VM (25.45-b02) for bsd-amd64 JRE (1.8.0_45-b14), built on Apr 10 2015 10:46:38 by "java_re" with gcc 4.2.1 (Based on Apple Inc. build 5658) (LLVM build 2336.11.00)

time: Tue Aug 30 09:29:41 2016
elapsed time: 0 seconds (0d 0h 0m 0s)

